<?xml version="1.0" encoding="UTF-8"?>
<testng-results skipped="0" failed="0" ignored="0" total="1" passed="1">
  <reporter-output>
  </reporter-output>
  <suite name="Facebook Login" duration-ms="14215" started-at="2020-01-09T01:51:05 PST" finished-at="2020-01-09T01:51:19 PST">
    <groups>
    </groups>
    <test name="Test" duration-ms="14215" started-at="2020-01-09T01:51:05 PST" finished-at="2020-01-09T01:51:19 PST">
      <class name="com.facebook.automation.main.LoginFacebookSteps">
        <test-method status="PASS" signature="setUp()[pri:0, instance:com.facebook.automation.main.LoginFacebookSteps@71bbf57e]" name="setUp" is-config="true" duration-ms="5152" started-at="2020-01-09T01:51:00 PST" finished-at="2020-01-09T01:51:05 PST">
          <reporter-output>
          </reporter-output>
        </test-method> <!-- setUp -->
        <test-method status="PASS" signature="login()[pri:0, instance:com.facebook.automation.main.LoginFacebookSteps@71bbf57e]" name="login" duration-ms="14180" started-at="2020-01-09T01:51:05 PST" finished-at="2020-01-09T01:51:19 PST">
          <reporter-output>
          </reporter-output>
        </test-method> <!-- login -->
        <test-method status="PASS" signature="tearDown()[pri:0, instance:com.facebook.automation.main.LoginFacebookSteps@71bbf57e]" name="tearDown" is-config="true" duration-ms="616" started-at="2020-01-09T01:51:19 PST" finished-at="2020-01-09T01:51:20 PST">
          <reporter-output>
          </reporter-output>
        </test-method> <!-- tearDown -->
      </class> <!-- com.facebook.automation.main.LoginFacebookSteps -->
    </test> <!-- Test -->
  </suite> <!-- Facebook Login -->
</testng-results>
